-encoding
UTF-8
-outxml
-source
1.7
-target
1.7
-classpath
D:\Documents\.m2\repository\antlr\antlr\2.7.6\antlr-2.7.6.jar;D:\Documents\.m2\repository\aopalliance\aopalliance\1.0\aopalliance-1.0.jar;D:\Documents\.m2\repository\asm\asm\3.1\asm-3.1.jar;D:\Documents\.m2\repository\avalon-framework\avalon-framework\4.1.3\avalon-framework-4.1.3.jar;D:\Documents\.m2\repository\cglib\cglib\2.2\cglib-2.2.jar;D:\Documents\.m2\repository\com\chenlb\mmseg4j\mmseg4j-all-with-dic\1.0\mmseg4j-all-with-dic-1.0.jar;D:\Documents\.m2\repository\com\google\code\morphia\morphia\0.99\morphia-0.99.jar;D:\Documents\.m2\repository\com\google\guava\guava\r05\guava-r05.jar;D:\Documents\.m2\repository\com\ibm\icu\icu4j\2.6.1\icu4j-2.6.1.jar;D:\Documents\.m2\repository\com\kaoshidian\ksdtool\0.0.1-SNAPSHOT\ksdtool-0.0.1-SNAPSHOT.jar;D:\Documents\.m2\repository\commons-beanutils\commons-beanutils\1.8.0\commons-beanutils-1.8.0.jar;D:\Documents\.m2\repository\commons-codec\commons-codec\1.4\commons-codec-1.4.jar;D:\Documents\.m2\repository\commons-collections\commons-collections\3.2.1\commons-collections-3.2.1.jar;D:\Documents\.m2\repository\commons-dbcp\commons-dbcp\1.3\commons-dbcp-1.3.jar;D:\Documents\.m2\repository\commons-dbutils\commons-dbutils\1.3\commons-dbutils-1.3.jar;D:\Documents\.m2\repository\commons-fileupload\commons-fileupload\1.2.1\commons-fileupload-1.2.1.jar;D:\Documents\.m2\repository\commons-httpclient\commons-httpclient\3.1\commons-httpclient-3.1.jar;D:\Documents\.m2\repository\commons-io\commons-io\2.1\commons-io-2.1.jar;D:\Documents\.m2\repository\commons-lang\commons-lang\2.5\commons-lang-2.5.jar;D:\Documents\.m2\repository\commons-logging\commons-logging\1.1\commons-logging-1.1.jar;D:\Documents\.m2\repository\commons-net\commons-net\3.0.1\commons-net-3.0.1.jar;D:\Documents\.m2\repository\commons-pool\commons-pool\1.5.4\commons-pool-1.5.4.jar;D:\Documents\.m2\repository\dom4j\dom4j\1.6.1\dom4j-1.6.1.jar;D:\Documents\.m2\repository\jakarta-regexp\jakarta-regexp\1.4\jakarta-regexp-1.4.jar;D:\Documents\.m2\repository\javassist\javassist\3.10.0.GA\javassist-3.10.0.GA.jar;D:\Documents\.m2\repository\javax\inject\javax.inject\1\javax.inject-1.jar;D:\Documents\.m2\repository\javax\persistence\persistence-api\1.0\persistence-api-1.0.jar;D:\Documents\.m2\repository\javax\servlet\jstl\1.2\jstl-1.2.jar;D:\Documents\.m2\repository\javax\servlet\servlet-api\2.5\servlet-api-2.5.jar;D:\Documents\.m2\repository\javax\servlet\jsp\jsp-api\2.1\jsp-api-2.1.jar;D:\Documents\.m2\repository\javax\transaction\jta\1.1\jta-1.1.jar;D:\Documents\.m2\repository\jaxen\jaxen\1.1-beta-4\jaxen-1.1-beta-4.jar;D:\Documents\.m2\repository\jdom\jdom\b10\jdom-b10.jar;D:\Documents\.m2\repository\logkit\logkit\1.0.1\logkit-1.0.1.jar;D:\Documents\.m2\repository\mysql\mysql-connector-java\5.1.18\mysql-connector-java-5.1.18.jar;D:\Documents\.m2\repository\net\coobird\thumbnailator\0.4.0\thumbnailator-0.4.0.jar;D:\Documents\.m2\repository\net\htmlparser\jericho\jericho-html\3.2\jericho-html-3.2.jar;D:\Documents\.m2\repository\net\sf\ehcache\ehcache\1.2.3\ehcache-1.2.3.jar;D:\Documents\.m2\repository\net\sf\ehcache\ehcache-core\2.5.0\ehcache-core-2.5.0.jar;D:\Documents\.m2\repository\net\sf\ezmorph\ezmorph\1.0.6\ezmorph-1.0.6.jar;D:\Documents\.m2\repository\net\sf\json-lib\json-lib\2.4\json-lib-2.4-jdk15.jar;D:\Documents\.m2\repository\net\sourceforge\jexcelapi\jxl\2.6.12\jxl-2.6.12.jar;D:\Documents\.m2\repository\org\apache\directory\api\apache-ldap-api\1.0.0-M17\apache-ldap-api-1.0.0-M17.pom;D:\Documents\.m2\repository\org\apache\directory\api\api-all\1.0.0-M17\api-all-1.0.0-M17.jar;D:\Documents\.m2\repository\org\apache\httpcomponents\httpclient\4.1.2\httpclient-4.1.2.jar;D:\Documents\.m2\repository\org\apache\httpcomponents\httpcore\4.1.2\httpcore-4.1.2.jar;D:\Documents\.m2\repository\org\apache\lucene\lucene-analyzers\3.5.0\lucene-analyzers-3.5.0.jar;D:\Documents\.m2\repository\org\apache\lucene\lucene-core\3.5.0\lucene-core-3.5.0.jar;D:\Documents\.m2\repository\org\apache\lucene\lucene-grouping\3.5.0\lucene-grouping-3.5.0.jar;D:\Documents\.m2\repository\org\apache\lucene\lucene-highlighter\3.5.0\lucene-highlighter-3.5.0.jar;D:\Documents\.m2\repository\org\apache\lucene\lucene-memory\3.5.0\lucene-memory-3.5.0.jar;D:\Documents\.m2\repository\org\apache\lucene\lucene-misc\3.5.0\lucene-misc-3.5.0.jar;D:\Documents\.m2\repository\org\apache\lucene\lucene-queries\3.5.0\lucene-queries-3.5.0.jar;D:\Documents\.m2\repository\org\apache\lucene\lucene-spatial\3.5.0\lucene-spatial-3.5.0.jar;D:\Documents\.m2\repository\org\apache\lucene\lucene-spellchecker\3.5.0\lucene-spellchecker-3.5.0.jar;D:\Documents\.m2\repository\org\apache\mina\mina-core\2.0.7\mina-core-2.0.7.jar;D:\Documents\.m2\repository\org\apache\shiro\shiro-aspectj\1.2.0\shiro-aspectj-1.2.0.jar;D:\Documents\.m2\repository\org\apache\shiro\shiro-core\1.2.0\shiro-core-1.2.0.jar;D:\Documents\.m2\repository\org\apache\shiro\shiro-ehcache\1.2.0\shiro-ehcache-1.2.0.jar;D:\Documents\.m2\repository\org\apache\shiro\shiro-spring\1.2.0\shiro-spring-1.2.0.jar;D:\Documents\.m2\repository\org\apache\shiro\shiro-web\1.2.0\shiro-web-1.2.0.jar;D:\Documents\.m2\repository\org\apache\solr\solr-commons-csv\3.5.0\solr-commons-csv-3.5.0.jar;D:\Documents\.m2\repository\org\apache\solr\solr-core\3.5.0\solr-core-3.5.0.jar;D:\Documents\.m2\repository\org\apache\solr\solr-noggit\3.5.0\solr-noggit-3.5.0.jar;D:\Documents\.m2\repository\org\apache\solr\solr-solrj\3.5.0\solr-solrj-3.5.0.jar;D:\Documents\.m2\repository\org\aspectj\aspectjrt\1.6.9\aspectjrt-1.6.9.jar;D:\Documents\.m2\repository\org\aspectj\aspectjweaver\1.6.12\aspectjweaver-1.6.12.jar;D:\Documents\.m2\repository\org\ccil\cowan\tagsoup\tagsoup\0.9.7\tagsoup-0.9.7.jar;D:\Documents\.m2\repository\org\codehaus\jackson\jackson-core-lgpl\1.9.0\jackson-core-lgpl-1.9.0.jar;D:\Documents\.m2\repository\org\codehaus\jackson\jackson-mapper-lgpl\1.9.0\jackson-mapper-lgpl-1.9.0.jar;D:\Documents\.m2\repository\org\freemarker\freemarker\2.3.20\freemarker-2.3.20.jar;D:\Documents\.m2\repository\org\gearman\java-gearman-service\0.6.2\java-gearman-service-0.6.2.jar;D:\Documents\.m2\repository\org\hibernate\ejb3-persistence\1.0.2.GA\ejb3-persistence-1.0.2.GA.jar;D:\Documents\.m2\repository\org\hibernate\hibernate\3.3.2.GA\hibernate-3.3.2.GA.pom;D:\Documents\.m2\repository\org\hibernate\hibernate-annotations\3.5.6-Final\hibernate-annotations-3.5.6-Final.jar;D:\Documents\.m2\repository\org\hibernate\hibernate-commons-annotations\3.1.0.GA\hibernate-commons-annotations-3.1.0.GA.jar;D:\Documents\.m2\repository\org\hibernate\hibernate-core\3.5.6-Final\hibernate-core-3.5.6-Final.jar;D:\Documents\.m2\repository\org\hibernate\hibernate-entitymanager\3.4.0.GA\hibernate-entitymanager-3.4.0.GA.jar;D:\Documents\.m2\repository\org\hibernate\hibernate-validator\3.1.0.GA\hibernate-validator-3.1.0.GA.jar;D:\Documents\.m2\repository\org\hibernate\javax\persistence\hibernate-jpa-2.0-api\1.0.0.Final\hibernate-jpa-2.0-api-1.0.0.Final.jar;D:\Documents\.m2\repository\org\mongodb\mongo-java-driver\2.7.3\mongo-java-driver-2.7.3.jar;D:\Documents\.m2\repository\org\quartz-scheduler\quartz\1.8.5\quartz-1.8.5.jar;D:\Documents\.m2\repository\org\slf4j\slf4j-api\1.5.8\slf4j-api-1.5.8.jar;D:\Documents\.m2\repository\org\springframework\spring-aop\3.0.6.RELEASE\spring-aop-3.0.6.RELEASE.jar;D:\Documents\.m2\repository\org\springframework\spring-asm\3.0.6.RELEASE\spring-asm-3.0.6.RELEASE.jar;D:\Documents\.m2\repository\org\springframework\spring-beans\3.0.6.RELEASE\spring-beans-3.0.6.RELEASE.jar;D:\Documents\.m2\repository\org\springframework\spring-context\3.0.6.RELEASE\spring-context-3.0.6.RELEASE.jar;D:\Documents\.m2\repository\org\springframework\spring-context-support\3.0.6.RELEASE\spring-context-support-3.0.6.RELEASE.jar;D:\Documents\.m2\repository\org\springframework\spring-core\3.0.6.RELEASE\spring-core-3.0.6.RELEASE.jar;D:\Documents\.m2\repository\org\springframework\spring-expression\3.0.6.RELEASE\spring-expression-3.0.6.RELEASE.jar;D:\Documents\.m2\repository\org\springframework\spring-jdbc\3.0.6.RELEASE\spring-jdbc-3.0.6.RELEASE.jar;D:\Documents\.m2\repository\org\springframework\spring-mock\2.0.8\spring-mock-2.0.8.jar;D:\Documents\.m2\repository\org\springframework\spring-orm\3.0.6.RELEASE\spring-orm-3.0.6.RELEASE.jar;D:\Documents\.m2\repository\org\springframework\spring-tx\3.0.6.RELEASE\spring-tx-3.0.6.RELEASE.jar;D:\Documents\.m2\repository\org\springframework\spring-web\3.0.6.RELEASE\spring-web-3.0.6.RELEASE.jar;D:\Documents\.m2\repository\org\springframework\spring-webmvc\3.0.6.RELEASE\spring-webmvc-3.0.6.RELEASE.jar;D:\Documents\.m2\repository\xalan\xalan\2.6.0\xalan-2.6.0.jar;D:\Documents\.m2\repository\xerces\xercesImpl\2.6.2\xercesImpl-2.6.2.jar;D:\Documents\.m2\repository\xerces\xmlParserAPIs\2.6.2\xmlParserAPIs-2.6.2.jar;D:\Documents\.m2\repository\xml-apis\xml-apis\1.0.b2\xml-apis-1.0.b2.jar;D:\Documents\.m2\repository\xom\xom\1.0b3\xom-1.0b3.jar;D:\Documents\.m2\repository\xpp3\xpp3\1.1.4c\xpp3-1.1.4c.jar;D:\workspace\xfoa\target\classes
-d
D:\workspace\xfoa\target\classes
D:\workspace\xfoa\src\main\java\com\kaoshidian\oa\base\exception\DataAccessException.java
D:\workspace\xfoa\src\main\java\com\kaoshidian\oa\util\LogEntityEnum.java
D:\workspace\xfoa\src\main\java\com\kaoshidian\oa\base\util\BeansWrapperUtil.java
D:\workspace\xfoa\src\main\java\com\kaoshidian\oa\permission\dao\OrgDao.java
D:\workspace\xfoa\src\main\java\com\kaoshidian\oa\attend\entity\AttendLater.java
D:\workspace\xfoa\src\main\java\com\kaoshidian\oa\base\exception\KsdGetVideoInfoException.java
D:\workspace\xfoa\src\main\java\com\kaoshidian\oa\base\page\PageTemplate.java
D:\workspace\xfoa\src\main\java\com\kaoshidian\oa\attend\dao\AttendRulesDao.java
D:\workspace\xfoa\src\main\java\com\kaoshidian\oa\permission\dao\UserDAO.java
D:\workspace\xfoa\src\main\java\com\kaoshidian\oa\base\web\DateTypeEditor.java
D:\workspace\xfoa\src\main\java\com\kaoshidian\oa\util\JSONUtils.java
D:\workspace\xfoa\src\main\java\com\kaoshidian\oa\log\entity\BizLog.java
D:\workspace\xfoa\src\main\java\com\kaoshidian\oa\api\SerureUtil.java
D:\workspace\xfoa\src\main\java\com\kaoshidian\oa\permission\dao\UserRoleDao.java
D:\workspace\xfoa\src\main\java\com\kaoshidian\oa\attend\entity\AttendData.java
D:\workspace\xfoa\src\main\java\com\kaoshidian\oa\base\EntityPersistInterceptor.java
D:\workspace\xfoa\src\main\java\com\kaoshidian\oa\assets\mgr\DeviceMgr.java
D:\workspace\xfoa\src\main\java\com\kaoshidian\oa\util\TapedRoomTypeEnum.java
D:\workspace\xfoa\src\main\java\com\kaoshidian\oa\base\exception\KsdBizDataNotFoundException.java
D:\workspace\xfoa\src\main\java\com\kaoshidian\oa\util\RecordInfoEnum.java
D:\workspace\xfoa\src\main\java\com\kaoshidian\oa\base\exception\HttpUploadFailureException.java
D:\workspace\xfoa\src\main\java\com\kaoshidian\oa\attend\dao\AttendForLeaveDao.java
D:\workspace\xfoa\src\main\java\com\kaoshidian\oa\permission\mgr\PermissionMgr.java
D:\workspace\xfoa\src\main\java\com\kaoshidian\oa\base\page\IPageQuery.java
D:\workspace\xfoa\src\main\java\com\kaoshidian\oa\base\page\CriteriaPageQuery.java
D:\workspace\xfoa\src\main\java\com\kaoshidian\oa\base\exception\KsdMappingExceptionResolver.java
D:\workspace\xfoa\src\main\java\com\kaoshidian\oa\log\dao\LogDao.java
D:\workspace\xfoa\src\main\java\com\kaoshidian\oa\base\util\MD5.java
D:\workspace\xfoa\src\main\java\com\kaoshidian\oa\permission\action\UserAction.java
D:\workspace\xfoa\src\main\java\com\kaoshidian\oa\assets\dao\DeviceDetailDao.java
D:\workspace\xfoa\src\main\java\com\kaoshidian\oa\assets\action\AssetsAction.java
D:\workspace\xfoa\src\main\java\com\kaoshidian\oa\util\LogModuleEnum.java
D:\workspace\xfoa\src\main\java\com\kaoshidian\oa\util\EncodingPostProcessor.java
D:\workspace\xfoa\src\main\java\com\kaoshidian\oa\base\page\PageQueryFactory.java
D:\workspace\xfoa\src\main\java\com\kaoshidian\oa\base\EntityUtils.java
D:\workspace\xfoa\src\main\java\com\kaoshidian\oa\attend\entity\AttendNoticTask.java
D:\workspace\xfoa\src\main\java\com\kaoshidian\oa\base\KsdBeanProcessor.java
D:\workspace\xfoa\src\main\java\com\kaoshidian\oa\permission\dao\RoleDAO.java
D:\workspace\xfoa\src\main\java\com\kaoshidian\oa\permission\PermissionAuthFilter.java
D:\workspace\xfoa\src\main\java\com\kaoshidian\oa\assets\entity\Device.java
D:\workspace\xfoa\src\main\java\com\kaoshidian\oa\permission\dao\RoleMenuDao.java
D:\workspace\xfoa\src\main\java\com\kaoshidian\oa\base\HibernateBaseDao.java
D:\workspace\xfoa\src\main\java\com\kaoshidian\oa\base\KsdRowProcessor.java
D:\workspace\xfoa\src\main\java\com\kaoshidian\oa\attend\dao\AttendAgainDao.java
D:\workspace\xfoa\src\main\java\com\kaoshidian\oa\permission\entity\Menu.java
D:\workspace\xfoa\src\main\java\com\kaoshidian\oa\base\exception\KsdException.java
D:\workspace\xfoa\src\main\java\com\kaoshidian\oa\permission\MrmsAuthenticationFilter.java
D:\workspace\xfoa\src\main\java\com\kaoshidian\oa\base\util\DateUtils.java
D:\workspace\xfoa\src\main\java\com\kaoshidian\oa\permission\dao\MenuDAO.java
D:\workspace\xfoa\src\main\java\com\kaoshidian\oa\base\page\SqlPageQuery.java
D:\workspace\xfoa\src\main\java\com\kaoshidian\oa\permission\entity\RoleMenu.java
D:\workspace\xfoa\src\main\java\com\kaoshidian\oa\base\entity\BaseEntity.java
D:\workspace\xfoa\src\main\java\com\kaoshidian\oa\base\page\PageContext.java
D:\workspace\xfoa\src\main\java\com\kaoshidian\oa\attend\action\AttendAction.java
D:\workspace\xfoa\src\main\java\com\kaoshidian\oa\base\exception\FtpUploadFailureException.java
D:\workspace\xfoa\src\main\java\com\kaoshidian\oa\permission\entity\UserStateEnum.java
D:\workspace\xfoa\src\main\java\com\kaoshidian\oa\base\util\Md5Utils.java
D:\workspace\xfoa\src\main\java\com\kaoshidian\oa\base\KsdMappingRuleUtils.java
D:\workspace\xfoa\src\main\java\com\kaoshidian\oa\log\action\LogAction.java
D:\workspace\xfoa\src\main\java\com\kaoshidian\oa\util\StringHttpMessageConverter.java
D:\workspace\xfoa\src\main\java\com\kaoshidian\oa\assets\dao\SupplierDao.java
D:\workspace\xfoa\src\main\java\com\kaoshidian\oa\assets\dao\DeviceDao.java
D:\workspace\xfoa\src\main\java\com\kaoshidian\oa\assets\entity\Supplier.java
D:\workspace\xfoa\src\main\java\com\kaoshidian\oa\util\DeviceStateEnum.java
D:\workspace\xfoa\src\main\java\com\kaoshidian\oa\attend\entity\AttendForLeave.java
D:\workspace\xfoa\src\main\java\com\kaoshidian\oa\common\action\HomeAction.java
D:\workspace\xfoa\src\main\java\com\kaoshidian\oa\util\HandoutsTypeEnum.java
D:\workspace\xfoa\src\main\java\com\kaoshidian\oa\assets\entity\DeviceDetail.java
D:\workspace\xfoa\src\main\java\com\kaoshidian\oa\permission\SyncFromLdapTask.java
D:\workspace\xfoa\src\main\java\com\kaoshidian\oa\assets\mgr\CategoryMrg.java
D:\workspace\xfoa\src\main\java\com\kaoshidian\oa\attend\mgr\AttendMrg.java
D:\workspace\xfoa\src\main\java\com\kaoshidian\oa\assets\dao\CatagoryDao.java
D:\workspace\xfoa\src\main\java\com\kaoshidian\oa\util\ActionExtend.java
D:\workspace\xfoa\src\main\java\com\kaoshidian\oa\base\exception\KsdBizSessionException.java
D:\workspace\xfoa\src\main\java\com\kaoshidian\oa\base\page\PerformanceTest.java
D:\workspace\xfoa\src\main\java\com\kaoshidian\oa\base\exception\IssueVideoException.java
D:\workspace\xfoa\src\main\java\com\kaoshidian\oa\attend\action\UploadFileAction.java
D:\workspace\xfoa\src\main\java\com\kaoshidian\oa\base\exception\IllegalOperationException.java
D:\workspace\xfoa\src\main\java\com\kaoshidian\oa\base\PageBean.java
D:\workspace\xfoa\src\main\java\com\kaoshidian\oa\base\page\AbstractPageQuery.java
D:\workspace\xfoa\src\main\java\com\kaoshidian\oa\util\AttendLeaveEnum.java
D:\workspace\xfoa\src\main\java\com\kaoshidian\oa\base\exception\KsdBizSystemErrorException.java
D:\workspace\xfoa\src\main\java\com\kaoshidian\oa\permission\entity\UserRole.java
D:\workspace\xfoa\src\main\java\com\kaoshidian\oa\base\page\HqlPageQuery.java
D:\workspace\xfoa\src\main\java\com\kaoshidian\oa\log\mng\LogMgr.java
D:\workspace\xfoa\src\main\java\com\kaoshidian\oa\permission\entity\User.java
D:\workspace\xfoa\src\main\java\com\kaoshidian\oa\base\exception\SecurityException.java
D:\workspace\xfoa\src\main\java\com\kaoshidian\oa\permission\ShiroLdapRealm.java
D:\workspace\xfoa\src\main\java\com\kaoshidian\oa\base\entity\Entity.java
D:\workspace\xfoa\src\main\java\com\kaoshidian\oa\base\exception\KsdBizException.java
D:\workspace\xfoa\src\main\java\com\kaoshidian\oa\permission\ShiroDbRealm.java
D:\workspace\xfoa\src\main\java\com\kaoshidian\oa\attend\dao\AttendInfoDao.java
D:\workspace\xfoa\src\main\java\com\kaoshidian\oa\permission\entity\Role.java
D:\workspace\xfoa\src\main\java\com\kaoshidian\oa\util\Util.java
D:\workspace\xfoa\src\main\java\com\kaoshidian\oa\util\LogOperationEnum.java
D:\workspace\xfoa\src\main\java\com\kaoshidian\oa\util\RecordStatusEnum.java
D:\workspace\xfoa\src\main\java\com\kaoshidian\oa\permission\action\RoleAction.java
D:\workspace\xfoa\src\main\java\com\kaoshidian\oa\base\web\BindingInitializer.java
D:\workspace\xfoa\src\main\java\com\kaoshidian\oa\common\action\ExceptionFilter.java
D:\workspace\xfoa\src\main\java\com\kaoshidian\oa\assets\entity\DeviceCategory.java
D:\workspace\xfoa\src\main\java\com\kaoshidian\oa\base\page\EntityPageQuery.java
D:\workspace\xfoa\src\main\java\com\kaoshidian\oa\util\LogStatusEnum.java
D:\workspace\xfoa\src\main\java\com\kaoshidian\oa\attend\dao\AttendRecordDao.java
D:\workspace\xfoa\src\main\java\com\kaoshidian\oa\base\EntityView.java
D:\workspace\xfoa\src\main\java\com\kaoshidian\oa\permission\entity\UserTypeEnum.java
D:\workspace\xfoa\src\main\java\com\kaoshidian\oa\util\SystemConfig.java
D:\workspace\xfoa\src\main\java\com\kaoshidian\oa\permission\entity\Org.java
D:\workspace\xfoa\src\main\java\com\kaoshidian\oa\attend\entity\AttendRules.java
D:\workspace\xfoa\src\main\java\com\kaoshidian\oa\attend\dao\AttendDataDao.java
D:\workspace\xfoa\src\main\java\com\kaoshidian\oa\attend\entity\AttendRecord.java
D:\workspace\xfoa\src\main\java\com\kaoshidian\oa\attend\entity\AttendAgainSign.java
D:\workspace\xfoa\src\main\java\com\kaoshidian\oa\util\CommonConstant.java
D:\workspace\xfoa\src\main\java\com\kaoshidian\oa\attend\entity\AttendInfo.java
D:\workspace\xfoa\src\main\java\com\kaoshidian\oa\permission\action\MenuAction.java
